Unable to capture context for thread 2312 in process 2228, can not generate back trace
Unable to capture context for thread 1768 in process 2228, can not generate back trace
Unable to capture context for thread 8392 in process 2228, can not generate back trace
Unable to capture context for thread 7044 in process 2228, can not generate back trace
Unable to capture context for thread 600 in process 2228, can not generate back trace
Unable to capture context for thread 10300 in process 2228, can not generate back trace
Unable to capture context for thread 6100 in process 2228, can not generate back trace
Exception at PC 0x00007FFB4C28BB93
Printing stacktrace...

Unable to capture context for thread 2312 in process 2228, can not generate back trace
Unable to capture context for thread 1768 in process 2228, can not generate back trace
Unable to capture context for thread 8392 in process 2228, can not generate back trace
Unable to capture context for thread 7044 in process 2228, can not generate back trace
Unable to capture context for thread 600 in process 2228, can not generate back trace
Unable to capture context for thread 8360 in process 2228, can not generate back trace
Unable to capture context for thread 10300 in process 2228, can not generate back trace
Unable to capture context for thread 6100 in process 2228, can not generate back trace
Exception at PC 0x00007FFB6E7E3C58
Exception at PC 0x00007FFB6E7E3C58
Exception at PC 0x00007FFB6E7E3C58
Exception at PC 0x00007FFB6E7E3C58
Exception at PC 0x00007FFB6E7E3C58
Exception at PC 0x00007FFB6E7E3C58
Exception at PC 0x00007FFB6E7E3C58
Exception at PC 0x00007FFB6E7E3C58
Exception at PC 0x00007FFB6E7E3C58
Exception at PC 0x00007FFB6E7E3C58
Exception at PC 0x00007FFB6E7E3C58
Exception at PC 0x00007FFB6E7E3C58
Exception at PC 0x00007FFB6E7E3C58
Exception at PC 0x00007FFB6E7E3C58
Exception at PC 0x00007FFB6E7E3C58
Exception at PC 0x00007FFB6E7E3C58
Exception at PC 0x00007FFB6E7E3C58
[0]  [0x00007FFB4C28BB93]
[1]  [0x00007FFB4C28BB93]
[2]  [0x00007FFB4C28B4A1]
[3]  [0x00007FFB4C28B459]
[4]  [0x00007FFB4C2719FE]
[5]  [0x00007FFB4C270ED1]
[6]  [0x00007FFB4C270D76]
[7]  [0x00007FFB4C2179F6]
[8]  [0x00007FFB4C207AFB]
[9]  [0x00007FFB4C32E90A]
[10]  [0x00007FFB4C349F87]
[11]  [0x00007FFB4C34A05F]
[12] (BaseThreadInitThunk+0x14) [0x00007FFB71658364]
[13] (RtlUserThreadStart+0x21) [0x00007FFB720470D1]
Done
