Vivado Simulator 2016.4
Copyright 1986-1999, 2001-2016 Xilinx, Inc. All Rights Reserved.
Running: E:/Xilinx/Vivado/2016.4/bin/unwrapped/win64.o/xelab.exe -wto 026277c8959e43358eb3f1c0c9f5f9fa --debug typical --relax --mt 2 -L xil_defaultlib -L secureip --snapshot mul_tb_behav xil_defaultlib.mul_tb -log elaborate.log 
Using 2 slave threads.
Starting static elaboration
Completed static elaboration
Starting simulation data flow analysis
Completed simulation data flow analysis
Time Resolution for simulation is 1ps
Compiling package std.standard
Compiling package std.textio
Compiling package ieee.std_logic_1164
Compiling package ieee.std_logic_arith
Compiling package ieee.std_logic_unsigned
Compiling architecture behavioral of entity xil_defaultlib.sum_elem [sum_elem_default]
Compiling architecture behavioral of entity xil_defaultlib.spt15 [spt15_default]
Compiling architecture behavioral of entity xil_defaultlib.mul16a [mul16a_default]
Compiling architecture behavioral of entity xil_defaultlib.mul16b [mul16b_default]
Compiling architecture behavioral of entity xil_defaultlib.main [main_default]
Compiling architecture behavioral of entity xil_defaultlib.mul_tb
Built simulation snapshot mul_tb_behav
